生成启动时间为 2017/10/22 星期日 下午 7:55:17。
     1>项目“F:\gitproject\DPCourseDesign\ChaosFarm\ChaosFarm\ChaosFarm\ChaosFarm.vcxproj”在节点 2 上(Build 个目标)。
     1>ClCompile:
         E:\Microsoft Visual Studio 12.0\VC\bin\CL.exe /c /ZI /nologo /W3 /WX- /sdl /Od /Oy- /D _MBCS /Gm /EHsc /RTC1 /MDd /GS /fp:precise /Zc:wchar_t /Zc:forScope /Fo"Debug\\" /Fd"Debug\vc120.pdb" /Gd /TP /analyze- /errorReport:prompt Entity.cpp Facility.cpp Living.cpp main.cpp Abstract.cpp Time.cpp
         Time.cpp
         main.cpp
         正在生成代码...
         正在编译...
         Abstract.cpp
         Living.cpp
         Facility.cpp
         Entity.cpp
         正在生成代码...
       Link:
         E:\Microsoft Visual Studio 12.0\VC\bin\link.exe /ERRORREPORT:PROMPT /OUT:"F:\gitproject\DPCourseDesign\ChaosFarm\ChaosFarm\Debug\ChaosFarm.exe" /INCREMENTAL /NOLOGO kernel32.lib user32.lib gdi32.lib winspool.lib comdlg32.lib advapi32.lib shell32.lib ole32.lib oleaut32.lib uuid.lib odbc32.lib odbccp32.lib /MANIFEST /MANIFESTUAC:"level='asInvoker' uiAccess='false'" /manifest:embed /DEBUG /PDB:"F:\gitproject\DPCourseDesign\ChaosFarm\ChaosFarm\Debug\ChaosFarm.pdb" /TLBID:1 /DYNAMICBASE /NXCOMPAT /IMPLIB:"F:\gitproject\DPCourseDesign\ChaosFarm\ChaosFarm\Debug\ChaosFarm.lib" /MACHINE:X86 Debug\Entity.obj
         Debug\Facility.obj
         Debug\Living.obj
         Debug\main.obj
         Debug\Object.obj
         Debug\Abstract.obj
         Debug\Time.obj
         ChaosFarm.vcxproj -> F:\gitproject\DPCourseDesign\ChaosFarm\ChaosFarm\Debug\ChaosFarm.exe
     1>已完成生成项目“F:\gitproject\DPCourseDesign\ChaosFarm\ChaosFarm\ChaosFarm\ChaosFarm.vcxproj”(Build 个目标)的操作。

生成成功。

已用时间 00:00:03.43
