生成启动时间为 2017/10/29 14:25:59。
     1>项目“D:\git\DP\DPCourseDesign\ChaosFarm\ChaosFarm\ChaosFarm.vcxproj”在节点 2 上(Build 个目标)。
     1>ClCompile:
         D:\vs2013\VS2013_RTM_ULT_CHS\VC\bin\CL.exe /c /ZI /nologo /W3 /WX- /sdl /Od /Oy- /D _MBCS /Gm /EHsc /RTC1 /MDd /GS /fp:precise /Zc:wchar_t /Zc:forScope /Fo"Debug\\" /Fd"Debug\vc120.pdb" /Gd /TP /analyze- /errorReport:prompt BaseFarmLand.cpp Crop.cpp Weed.cpp main.cpp
         main.cpp
     1>d:\git\dp\dpcoursedesign\chaosfarm\chaosfarm\crop.h(28): warning C4244: “return”: 从“float”转换到“int”，可能丢失数据
     1>d:\git\dp\dpcoursedesign\chaosfarm\chaosfarm\weed.h : warning C4819: 该文件包含不能在当前代码页(936)中表示的字符。请将该文件保存为 Unicode 格式以防止数据丢失
     1>d:\git\dp\dpcoursedesign\chaosfarm\chaosfarm\main.cpp(106): warning C4305: “参数”: 从“double”到“float”截断
         Crop.cpp
     1>d:\git\dp\dpcoursedesign\chaosfarm\chaosfarm\crop.h(28): warning C4244: “return”: 从“float”转换到“int”，可能丢失数据
     1>d:\git\dp\dpcoursedesign\chaosfarm\chaosfarm\crop.cpp(34): warning C4244: “+=”: 从“float”转换到“int”，可能丢失数据
     1>d:\git\dp\dpcoursedesign\chaosfarm\chaosfarm\crop.cpp(148): warning C4244: “+=”: 从“float”转换到“int”，可能丢失数据
         正在生成代码...
         正在跳过...(未检测到相关更改)
         Weed.cpp
         BaseFarmLand.cpp
       Link:
         D:\vs2013\VS2013_RTM_ULT_CHS\VC\bin\link.exe /ERRORREPORT:PROMPT /OUT:"D:\git\DP\DPCourseDesign\ChaosFarm\Debug\ChaosFarm.exe" /INCREMENTAL /NOLOGO kernel32.lib user32.lib gdi32.lib winspool.lib comdlg32.lib advapi32.lib shell32.lib ole32.lib oleaut32.lib uuid.lib odbc32.lib odbccp32.lib /MANIFEST /MANIFESTUAC:"level='asInvoker' uiAccess='false'" /manifest:embed /DEBUG /PDB:"D:\git\DP\DPCourseDesign\ChaosFarm\Debug\ChaosFarm.pdb" /TLBID:1 /DYNAMICBASE /NXCOMPAT /IMPLIB:"D:\git\DP\DPCourseDesign\ChaosFarm\Debug\ChaosFarm.lib" /MACHINE:X86 Debug\Animal.obj
         Debug\Atmosphere.obj
         Debug\Cattle.obj
         Debug\Chicken.obj
         Debug\CollectedTool.obj
         Debug\Crop.obj
         Debug\Entity.obj
         Debug\Facility.obj
         Debug\BaseFarmLand.obj
         Debug\InsectIterator.obj
         Debug\List.obj
         Debug\Living.obj
         Debug\main.obj
         Debug\Mammals.obj
         Debug\Object.obj
         Debug\Abstract.obj
         Debug\Plant.obj
         Debug\Poultry.obj
         Debug\Stock.obj
         Debug\StockIterator.obj
         Debug\StockList.obj
         Debug\Time.obj
         Debug\Tool.obj
         Debug\UnitTool.obj
         Debug\Weed.obj
         ChaosFarm.vcxproj -> D:\git\DP\DPCourseDesign\ChaosFarm\Debug\ChaosFarm.exe
     1>已完成生成项目“D:\git\DP\DPCourseDesign\ChaosFarm\ChaosFarm\ChaosFarm.vcxproj”(Build 个目标)的操作。

生成成功。

已用时间 00:00:01.40
