f:\gitproject\dpcoursedesign\chaosfarm\chaosfarm\debug\vc120.pdb
f:\gitproject\dpcoursedesign\chaosfarm\chaosfarm\debug\vc120.idb
f:\gitproject\dpcoursedesign\chaosfarm\chaosfarm\debug\entity.obj
f:\gitproject\dpcoursedesign\chaosfarm\chaosfarm\debug\facility.obj
f:\gitproject\dpcoursedesign\chaosfarm\chaosfarm\debug\insectiterator.obj
f:\gitproject\dpcoursedesign\chaosfarm\chaosfarm\debug\list.obj
f:\gitproject\dpcoursedesign\chaosfarm\chaosfarm\debug\living.obj
f:\gitproject\dpcoursedesign\chaosfarm\chaosfarm\debug\object.obj
f:\gitproject\dpcoursedesign\chaosfarm\chaosfarm\debug\abstract.obj
f:\gitproject\dpcoursedesign\chaosfarm\chaosfarm\debug\plant.obj
f:\gitproject\dpcoursedesign\chaosfarm\chaosfarm\debug\stock.obj
f:\gitproject\dpcoursedesign\chaosfarm\chaosfarm\debug\stockiterator.obj
f:\gitproject\dpcoursedesign\chaosfarm\chaosfarm\debug\stocklist.obj
f:\gitproject\dpcoursedesign\chaosfarm\chaosfarm\debug\atmosphere.obj
f:\gitproject\dpcoursedesign\chaosfarm\chaosfarm\debug\main.obj
f:\gitproject\dpcoursedesign\chaosfarm\chaosfarm\debug\animal.obj
f:\gitproject\dpcoursedesign\chaosfarm\chaosfarm\debug\basefarmland.obj
f:\gitproject\dpcoursedesign\chaosfarm\chaosfarm\debug\cattle.obj
f:\gitproject\dpcoursedesign\chaosfarm\chaosfarm\debug\chicken.obj
f:\gitproject\dpcoursedesign\chaosfarm\chaosfarm\debug\crop.obj
f:\gitproject\dpcoursedesign\chaosfarm\chaosfarm\debug\mammals.obj
f:\gitproject\dpcoursedesign\chaosfarm\chaosfarm\debug\poultry.obj
f:\gitproject\dpcoursedesign\chaosfarm\chaosfarm\debug\time.obj
f:\gitproject\dpcoursedesign\chaosfarm\chaosfarm\debug\weed.obj
f:\gitproject\dpcoursedesign\chaosfarm\debug\chaosfarm.ilk
f:\gitproject\dpcoursedesign\chaosfarm\debug\chaosfarm.exe
f:\gitproject\dpcoursedesign\chaosfarm\debug\chaosfarm.pdb
f:\gitproject\dpcoursedesign\chaosfarm\chaosfarm\debug\chaosfarm.tlog\cl.command.1.tlog
f:\gitproject\dpcoursedesign\chaosfarm\chaosfarm\debug\chaosfarm.tlog\cl.read.1.tlog
f:\gitproject\dpcoursedesign\chaosfarm\chaosfarm\debug\chaosfarm.tlog\cl.write.1.tlog
f:\gitproject\dpcoursedesign\chaosfarm\chaosfarm\debug\chaosfarm.tlog\link.command.1.tlog
f:\gitproject\dpcoursedesign\chaosfarm\chaosfarm\debug\chaosfarm.tlog\link.read.1.tlog
f:\gitproject\dpcoursedesign\chaosfarm\chaosfarm\debug\chaosfarm.tlog\link.write.1.tlog
